[19-Apr-2025 13:10:19 UTC] Database schema created and default admin user added.
[19-Apr-2025 13:17:10 UTC] PHP Warning:  filemtime(): stat failed for css/main.css in /Users/sithumsitharakariyawasam/Desktop/C O D E S /web project rusl/5832webprojectrusl/event_management_uni_project/includes/templates/header.php on line 8
[19-Apr-2025 13:17:10 UTC] PHP Warning:  filemtime(): stat failed for css/animations.css in /Users/sithumsitharakariyawasam/Desktop/C O D E S /web project rusl/5832webprojectrusl/event_management_uni_project/includes/templates/header.php on line 9
[19-Apr-2025 13:17:10 UTC] PHP Warning:  filemtime(): stat failed for js/main.js in /Users/sithumsitharakariyawasam/Desktop/C O D E S /web project rusl/5832webprojectrusl/event_management_uni_project/includes/templates/footer.php on line 33
[19-Apr-2025 13:17:10 UTC] PHP Warning:  filemtime(): stat failed for js/animations.js in /Users/sithumsitharakariyawasam/Desktop/C O D E S /web project rusl/5832webprojectrusl/event_management_uni_project/includes/templates/footer.php on line 35
[19-Apr-2025 13:17:50 UTC] PHP Warning:  filemtime(): stat failed for css/main.css in /Users/sithumsitharakariyawasam/Desktop/C O D E S /web project rusl/5832webprojectrusl/event_management_uni_project/includes/templates/header.php on line 8
[19-Apr-2025 13:17:50 UTC] PHP Warning:  filemtime(): stat failed for css/animations.css in /Users/sithumsitharakariyawasam/Desktop/C O D E S /web project rusl/5832webprojectrusl/event_management_uni_project/includes/templates/header.php on line 9
[19-Apr-2025 13:17:50 UTC] PHP Warning:  filemtime(): stat failed for js/main.js in /Users/sithumsitharakariyawasam/Desktop/C O D E S /web project rusl/5832webprojectrusl/event_management_uni_project/includes/templates/footer.php on line 33
[19-Apr-2025 13:17:50 UTC] PHP Warning:  filemtime(): stat failed for js/animations.js in /Users/sithumsitharakariyawasam/Desktop/C O D E S /web project rusl/5832webprojectrusl/event_management_uni_project/includes/templates/footer.php on line 35
[19-Apr-2025 13:18:31 UTC] PHP Warning:  filemtime(): stat failed for css/main.css in /Users/sithumsitharakariyawasam/Desktop/C O D E S /web project rusl/5832webprojectrusl/event_management_uni_project/includes/templates/header.php on line 8
[19-Apr-2025 13:18:31 UTC] PHP Warning:  filemtime(): stat failed for css/animations.css in /Users/sithumsitharakariyawasam/Desktop/C O D E S /web project rusl/5832webprojectrusl/event_management_uni_project/includes/templates/header.php on line 9
[19-Apr-2025 13:18:31 UTC] PHP Warning:  filemtime(): stat failed for js/main.js in /Users/sithumsitharakariyawasam/Desktop/C O D E S /web project rusl/5832webprojectrusl/event_management_uni_project/includes/templates/footer.php on line 33
[19-Apr-2025 13:18:31 UTC] PHP Warning:  filemtime(): stat failed for js/animations.js in /Users/sithumsitharakariyawasam/Desktop/C O D E S /web project rusl/5832webprojectrusl/event_management_uni_project/includes/templates/footer.php on line 35
[19-Apr-2025 13:18:40 UTC] PHP Warning:  filemtime(): stat failed for css/main.css in /Users/sithumsitharakariyawasam/Desktop/C O D E S /web project rusl/5832webprojectrusl/event_management_uni_project/includes/templates/header.php on line 8
[19-Apr-2025 13:18:40 UTC] PHP Warning:  filemtime(): stat failed for css/animations.css in /Users/sithumsitharakariyawasam/Desktop/C O D E S /web project rusl/5832webprojectrusl/event_management_uni_project/includes/templates/header.php on line 9
[19-Apr-2025 13:18:40 UTC] PHP Warning:  filemtime(): stat failed for js/main.js in /Users/sithumsitharakariyawasam/Desktop/C O D E S /web project rusl/5832webprojectrusl/event_management_uni_project/includes/templates/footer.php on line 33
[19-Apr-2025 13:18:40 UTC] PHP Warning:  filemtime(): stat failed for js/animations.js in /Users/sithumsitharakariyawasam/Desktop/C O D E S /web project rusl/5832webprojectrusl/event_management_uni_project/includes/templates/footer.php on line 35
[19-Apr-2025 13:23:29 UTC] PHP Warning:  filemtime(): stat failed for css/main.css in /Users/sithumsitharakariyawasam/Desktop/C O D E S /web project rusl/5832webprojectrusl/event_management_uni_project/includes/templates/header.php on line 8
[19-Apr-2025 13:23:29 UTC] PHP Warning:  filemtime(): stat failed for css/animations.css in /Users/sithumsitharakariyawasam/Desktop/C O D E S /web project rusl/5832webprojectrusl/event_management_uni_project/includes/templates/header.php on line 9
[19-Apr-2025 13:23:29 UTC] PHP Warning:  filemtime(): stat failed for js/main.js in /Users/sithumsitharakariyawasam/Desktop/C O D E S /web project rusl/5832webprojectrusl/event_management_uni_project/includes/templates/footer.php on line 33
[19-Apr-2025 13:23:29 UTC] PHP Warning:  filemtime(): stat failed for js/animations.js in /Users/sithumsitharakariyawasam/Desktop/C O D E S /web project rusl/5832webprojectrusl/event_management_uni_project/includes/templates/footer.php on line 35
[19-Apr-2025 13:25:02 UTC] PHP Warning:  filemtime(): stat failed for css/main.css in /Users/sithumsitharakariyawasam/Desktop/C O D E S /web project rusl/5832webprojectrusl/event_management_uni_project/includes/templates/header.php on line 8
[19-Apr-2025 13:25:02 UTC] PHP Warning:  filemtime(): stat failed for css/animations.css in /Users/sithumsitharakariyawasam/Desktop/C O D E S /web project rusl/5832webprojectrusl/event_management_uni_project/includes/templates/header.php on line 9
[19-Apr-2025 13:25:02 UTC] PHP Warning:  filemtime(): stat failed for js/main.js in /Users/sithumsitharakariyawasam/Desktop/C O D E S /web project rusl/5832webprojectrusl/event_management_uni_project/includes/templates/footer.php on line 33
[19-Apr-2025 13:25:02 UTC] PHP Warning:  filemtime(): stat failed for js/animations.js in /Users/sithumsitharakariyawasam/Desktop/C O D E S /web project rusl/5832webprojectrusl/event_management_uni_project/includes/templates/footer.php on line 35
[19-Apr-2025 14:02:21 UTC] PHP Warning:  filemtime(): stat failed for css/main.css in /Users/sithumsitharakariyawasam/Desktop/C O D E S /web project rusl/5832webprojectrusl/event_management_uni_project/includes/templates/header.php on line 8
[19-Apr-2025 14:02:21 UTC] PHP Warning:  filemtime(): stat failed for css/animations.css in /Users/sithumsitharakariyawasam/Desktop/C O D E S /web project rusl/5832webprojectrusl/event_management_uni_project/includes/templates/header.php on line 9
[19-Apr-2025 14:02:21 UTC] PHP Warning:  filemtime(): stat failed for js/main.js in /Users/sithumsitharakariyawasam/Desktop/C O D E S /web project rusl/5832webprojectrusl/event_management_uni_project/includes/templates/footer.php on line 33
[19-Apr-2025 14:02:21 UTC] PHP Warning:  filemtime(): stat failed for js/animations.js in /Users/sithumsitharakariyawasam/Desktop/C O D E S /web project rusl/5832webprojectrusl/event_management_uni_project/includes/templates/footer.php on line 35
[19-Apr-2025 14:02:32 UTC] PHP Warning:  filemtime(): stat failed for css/main.css in /Users/sithumsitharakariyawasam/Desktop/C O D E S /web project rusl/5832webprojectrusl/event_management_uni_project/includes/templates/header.php on line 8
[19-Apr-2025 14:02:32 UTC] PHP Warning:  filemtime(): stat failed for css/animations.css in /Users/sithumsitharakariyawasam/Desktop/C O D E S /web project rusl/5832webprojectrusl/event_management_uni_project/includes/templates/header.php on line 9
[19-Apr-2025 14:02:32 UTC] PHP Warning:  filemtime(): stat failed for js/main.js in /Users/sithumsitharakariyawasam/Desktop/C O D E S /web project rusl/5832webprojectrusl/event_management_uni_project/includes/templates/footer.php on line 33
[19-Apr-2025 14:02:32 UTC] PHP Warning:  filemtime(): stat failed for js/animations.js in /Users/sithumsitharakariyawasam/Desktop/C O D E S /web project rusl/5832webprojectrusl/event_management_uni_project/includes/templates/footer.php on line 35
[19-Apr-2025 14:04:33 UTC] PHP Warning:  filemtime(): stat failed for css/main.css in /Users/sithumsitharakariyawasam/Desktop/C O D E S /web project rusl/5832webprojectrusl/event_management_uni_project/includes/templates/header.php on line 8
[19-Apr-2025 14:04:33 UTC] PHP Warning:  filemtime(): stat failed for css/animations.css in /Users/sithumsitharakariyawasam/Desktop/C O D E S /web project rusl/5832webprojectrusl/event_management_uni_project/includes/templates/header.php on line 9
[19-Apr-2025 14:04:33 UTC] PHP Warning:  filemtime(): stat failed for js/main.js in /Users/sithumsitharakariyawasam/Desktop/C O D E S /web project rusl/5832webprojectrusl/event_management_uni_project/includes/templates/footer.php on line 33
[19-Apr-2025 14:04:33 UTC] PHP Warning:  filemtime(): stat failed for js/animations.js in /Users/sithumsitharakariyawasam/Desktop/C O D E S /web project rusl/5832webprojectrusl/event_management_uni_project/includes/templates/footer.php on line 35
[19-Apr-2025 14:04:37 UTC] PHP Warning:  filemtime(): stat failed for css/main.css in /Users/sithumsitharakariyawasam/Desktop/C O D E S /web project rusl/5832webprojectrusl/event_management_uni_project/includes/templates/header.php on line 8
[19-Apr-2025 14:04:37 UTC] PHP Warning:  filemtime(): stat failed for css/animations.css in /Users/sithumsitharakariyawasam/Desktop/C O D E S /web project rusl/5832webprojectrusl/event_management_uni_project/includes/templates/header.php on line 9
[19-Apr-2025 14:04:37 UTC] PHP Warning:  filemtime(): stat failed for js/main.js in /Users/sithumsitharakariyawasam/Desktop/C O D E S /web project rusl/5832webprojectrusl/event_management_uni_project/includes/templates/footer.php on line 33
[19-Apr-2025 14:04:37 UTC] PHP Warning:  filemtime(): stat failed for js/animations.js in /Users/sithumsitharakariyawasam/Desktop/C O D E S /web project rusl/5832webprojectrusl/event_management_uni_project/includes/templates/footer.php on line 35
[19-Apr-2025 14:04:40 UTC] PHP Warning:  filemtime(): stat failed for css/main.css in /Users/sithumsitharakariyawasam/Desktop/C O D E S /web project rusl/5832webprojectrusl/event_management_uni_project/includes/templates/header.php on line 8
[19-Apr-2025 14:04:40 UTC] PHP Warning:  filemtime(): stat failed for css/animations.css in /Users/sithumsitharakariyawasam/Desktop/C O D E S /web project rusl/5832webprojectrusl/event_management_uni_project/includes/templates/header.php on line 9
[19-Apr-2025 14:04:40 UTC] PHP Warning:  filemtime(): stat failed for js/main.js in /Users/sithumsitharakariyawasam/Desktop/C O D E S /web project rusl/5832webprojectrusl/event_management_uni_project/includes/templates/footer.php on line 33
[19-Apr-2025 14:04:40 UTC] PHP Warning:  filemtime(): stat failed for js/animations.js in /Users/sithumsitharakariyawasam/Desktop/C O D E S /web project rusl/5832webprojectrusl/event_management_uni_project/includes/templates/footer.php on line 35
[19-Apr-2025 14:14:44 UTC] PHP Warning:  filemtime(): stat failed for css/main.css in /Users/sithumsitharakariyawasam/Desktop/C O D E S /web project rusl/5832webprojectrusl/event_management_uni_project/includes/templates/header.php on line 8
[19-Apr-2025 14:14:44 UTC] PHP Warning:  filemtime(): stat failed for css/animations.css in /Users/sithumsitharakariyawasam/Desktop/C O D E S /web project rusl/5832webprojectrusl/event_management_uni_project/includes/templates/header.php on line 9
[19-Apr-2025 14:14:44 UTC] PHP Warning:  filemtime(): stat failed for js/main.js in /Users/sithumsitharakariyawasam/Desktop/C O D E S /web project rusl/5832webprojectrusl/event_management_uni_project/includes/templates/footer.php on line 33
[19-Apr-2025 14:14:44 UTC] PHP Warning:  filemtime(): stat failed for js/animations.js in /Users/sithumsitharakariyawasam/Desktop/C O D E S /web project rusl/5832webprojectrusl/event_management_uni_project/includes/templates/footer.php on line 35
[19-Apr-2025 14:14:52 UTC] PHP Warning:  filemtime(): stat failed for css/main.css in /Users/sithumsitharakariyawasam/Desktop/C O D E S /web project rusl/5832webprojectrusl/event_management_uni_project/includes/templates/header.php on line 8
[19-Apr-2025 14:14:52 UTC] PHP Warning:  filemtime(): stat failed for css/animations.css in /Users/sithumsitharakariyawasam/Desktop/C O D E S /web project rusl/5832webprojectrusl/event_management_uni_project/includes/templates/header.php on line 9
[19-Apr-2025 14:14:52 UTC] PHP Warning:  filemtime(): stat failed for js/main.js in /Users/sithumsitharakariyawasam/Desktop/C O D E S /web project rusl/5832webprojectrusl/event_management_uni_project/includes/templates/footer.php on line 33
[19-Apr-2025 14:14:52 UTC] PHP Warning:  filemtime(): stat failed for js/animations.js in /Users/sithumsitharakariyawasam/Desktop/C O D E S /web project rusl/5832webprojectrusl/event_management_uni_project/includes/templates/footer.php on line 35
[19-Apr-2025 14:14:58 UTC] PHP Warning:  filemtime(): stat failed for css/main.css in /Users/sithumsitharakariyawasam/Desktop/C O D E S /web project rusl/5832webprojectrusl/event_management_uni_project/includes/templates/header.php on line 8
[19-Apr-2025 14:14:58 UTC] PHP Warning:  filemtime(): stat failed for css/animations.css in /Users/sithumsitharakariyawasam/Desktop/C O D E S /web project rusl/5832webprojectrusl/event_management_uni_project/includes/templates/header.php on line 9
[19-Apr-2025 14:14:58 UTC] PHP Warning:  filemtime(): stat failed for js/main.js in /Users/sithumsitharakariyawasam/Desktop/C O D E S /web project rusl/5832webprojectrusl/event_management_uni_project/includes/templates/footer.php on line 33
[19-Apr-2025 14:14:58 UTC] PHP Warning:  filemtime(): stat failed for js/animations.js in /Users/sithumsitharakariyawasam/Desktop/C O D E S /web project rusl/5832webprojectrusl/event_management_uni_project/includes/templates/footer.php on line 35
[19-Apr-2025 14:15:00 UTC] PHP Warning:  filemtime(): stat failed for css/main.css in /Users/sithumsitharakariyawasam/Desktop/C O D E S /web project rusl/5832webprojectrusl/event_management_uni_project/includes/templates/header.php on line 8
[19-Apr-2025 14:15:00 UTC] PHP Warning:  filemtime(): stat failed for css/animations.css in /Users/sithumsitharakariyawasam/Desktop/C O D E S /web project rusl/5832webprojectrusl/event_management_uni_project/includes/templates/header.php on line 9
[19-Apr-2025 14:15:00 UTC] PHP Warning:  filemtime(): stat failed for js/main.js in /Users/sithumsitharakariyawasam/Desktop/C O D E S /web project rusl/5832webprojectrusl/event_management_uni_project/includes/templates/footer.php on line 33
[19-Apr-2025 14:15:00 UTC] PHP Warning:  filemtime(): stat failed for js/animations.js in /Users/sithumsitharakariyawasam/Desktop/C O D E S /web project rusl/5832webprojectrusl/event_management_uni_project/includes/templates/footer.php on line 35
[19-Apr-2025 14:15:15 UTC] PHP Warning:  filemtime(): stat failed for css/main.css in /Users/sithumsitharakariyawasam/Desktop/C O D E S /web project rusl/5832webprojectrusl/event_management_uni_project/includes/templates/header.php on line 8
[19-Apr-2025 14:15:15 UTC] PHP Warning:  filemtime(): stat failed for css/animations.css in /Users/sithumsitharakariyawasam/Desktop/C O D E S /web project rusl/5832webprojectrusl/event_management_uni_project/includes/templates/header.php on line 9
[19-Apr-2025 14:15:15 UTC] PHP Warning:  filemtime(): stat failed for js/main.js in /Users/sithumsitharakariyawasam/Desktop/C O D E S /web project rusl/5832webprojectrusl/event_management_uni_project/includes/templates/footer.php on line 33
[19-Apr-2025 14:15:15 UTC] PHP Warning:  filemtime(): stat failed for js/animations.js in /Users/sithumsitharakariyawasam/Desktop/C O D E S /web project rusl/5832webprojectrusl/event_management_uni_project/includes/templates/footer.php on line 35
[19-Apr-2025 14:15:17 UTC] PHP Warning:  filemtime(): stat failed for css/main.css in /Users/sithumsitharakariyawasam/Desktop/C O D E S /web project rusl/5832webprojectrusl/event_management_uni_project/includes/templates/header.php on line 8
[19-Apr-2025 14:15:17 UTC] PHP Warning:  filemtime(): stat failed for css/animations.css in /Users/sithumsitharakariyawasam/Desktop/C O D E S /web project rusl/5832webprojectrusl/event_management_uni_project/includes/templates/header.php on line 9
[19-Apr-2025 14:15:17 UTC] PHP Warning:  filemtime(): stat failed for js/main.js in /Users/sithumsitharakariyawasam/Desktop/C O D E S /web project rusl/5832webprojectrusl/event_management_uni_project/includes/templates/footer.php on line 33
[19-Apr-2025 14:15:17 UTC] PHP Warning:  filemtime(): stat failed for js/animations.js in /Users/sithumsitharakariyawasam/Desktop/C O D E S /web project rusl/5832webprojectrusl/event_management_uni_project/includes/templates/footer.php on line 35
[19-Apr-2025 14:15:18 UTC] PHP Warning:  filemtime(): stat failed for css/main.css in /Users/sithumsitharakariyawasam/Desktop/C O D E S /web project rusl/5832webprojectrusl/event_management_uni_project/includes/templates/header.php on line 8
[19-Apr-2025 14:15:18 UTC] PHP Warning:  filemtime(): stat failed for css/animations.css in /Users/sithumsitharakariyawasam/Desktop/C O D E S /web project rusl/5832webprojectrusl/event_management_uni_project/includes/templates/header.php on line 9
[19-Apr-2025 14:15:18 UTC] PHP Warning:  filemtime(): stat failed for js/main.js in /Users/sithumsitharakariyawasam/Desktop/C O D E S /web project rusl/5832webprojectrusl/event_management_uni_project/includes/templates/footer.php on line 33
[19-Apr-2025 14:15:18 UTC] PHP Warning:  filemtime(): stat failed for js/animations.js in /Users/sithumsitharakariyawasam/Desktop/C O D E S /web project rusl/5832webprojectrusl/event_management_uni_project/includes/templates/footer.php on line 35
[19-Apr-2025 14:15:41 UTC] PHP Warning:  filemtime(): stat failed for css/main.css in /Users/sithumsitharakariyawasam/Desktop/C O D E S /web project rusl/5832webprojectrusl/event_management_uni_project/includes/templates/header.php on line 8
[19-Apr-2025 14:15:41 UTC] PHP Warning:  filemtime(): stat failed for css/animations.css in /Users/sithumsitharakariyawasam/Desktop/C O D E S /web project rusl/5832webprojectrusl/event_management_uni_project/includes/templates/header.php on line 9
[19-Apr-2025 14:15:41 UTC] PHP Warning:  filemtime(): stat failed for js/main.js in /Users/sithumsitharakariyawasam/Desktop/C O D E S /web project rusl/5832webprojectrusl/event_management_uni_project/includes/templates/footer.php on line 33
[19-Apr-2025 14:15:41 UTC] PHP Warning:  filemtime(): stat failed for js/animations.js in /Users/sithumsitharakariyawasam/Desktop/C O D E S /web project rusl/5832webprojectrusl/event_management_uni_project/includes/templates/footer.php on line 35
[19-Apr-2025 14:17:07 UTC] Admin Event Save Error: SQLSTATE[HY000]: General error: 1 table events has no column named phone
[19-Apr-2025 14:17:07 UTC] PHP Warning:  filemtime(): stat failed for css/main.css in /Users/sithumsitharakariyawasam/Desktop/C O D E S /web project rusl/5832webprojectrusl/event_management_uni_project/includes/templates/header.php on line 8
[19-Apr-2025 14:17:07 UTC] PHP Warning:  filemtime(): stat failed for css/animations.css in /Users/sithumsitharakariyawasam/Desktop/C O D E S /web project rusl/5832webprojectrusl/event_management_uni_project/includes/templates/header.php on line 9
[19-Apr-2025 14:17:07 UTC] PHP Warning:  filemtime(): stat failed for js/main.js in /Users/sithumsitharakariyawasam/Desktop/C O D E S /web project rusl/5832webprojectrusl/event_management_uni_project/includes/templates/footer.php on line 33
[19-Apr-2025 14:17:07 UTC] PHP Warning:  filemtime(): stat failed for js/animations.js in /Users/sithumsitharakariyawasam/Desktop/C O D E S /web project rusl/5832webprojectrusl/event_management_uni_project/includes/templates/footer.php on line 35
[19-Apr-2025 14:17:07 UTC] PHP Warning:  filemtime(): stat failed for css/main.css in /Users/sithumsitharakariyawasam/Desktop/C O D E S /web project rusl/5832webprojectrusl/event_management_uni_project/includes/templates/header.php on line 8
[19-Apr-2025 14:17:07 UTC] PHP Warning:  filemtime(): stat failed for css/animations.css in /Users/sithumsitharakariyawasam/Desktop/C O D E S /web project rusl/5832webprojectrusl/event_management_uni_project/includes/templates/header.php on line 9
[19-Apr-2025 14:17:07 UTC] PHP Warning:  filemtime(): stat failed for js/main.js in /Users/sithumsitharakariyawasam/Desktop/C O D E S /web project rusl/5832webprojectrusl/event_management_uni_project/includes/templates/footer.php on line 33
[19-Apr-2025 14:17:07 UTC] PHP Warning:  filemtime(): stat failed for js/animations.js in /Users/sithumsitharakariyawasam/Desktop/C O D E S /web project rusl/5832webprojectrusl/event_management_uni_project/includes/templates/footer.php on line 35
[19-Apr-2025 14:17:12 UTC] Admin Event Save Error: SQLSTATE[HY000]: General error: 1 table events has no column named phone
[19-Apr-2025 14:17:12 UTC] PHP Warning:  filemtime(): stat failed for css/main.css in /Users/sithumsitharakariyawasam/Desktop/C O D E S /web project rusl/5832webprojectrusl/event_management_uni_project/includes/templates/header.php on line 8
[19-Apr-2025 14:17:12 UTC] PHP Warning:  filemtime(): stat failed for css/animations.css in /Users/sithumsitharakariyawasam/Desktop/C O D E S /web project rusl/5832webprojectrusl/event_management_uni_project/includes/templates/header.php on line 9
[19-Apr-2025 14:17:12 UTC] PHP Warning:  filemtime(): stat failed for js/main.js in /Users/sithumsitharakariyawasam/Desktop/C O D E S /web project rusl/5832webprojectrusl/event_management_uni_project/includes/templates/footer.php on line 33
[19-Apr-2025 14:17:12 UTC] PHP Warning:  filemtime(): stat failed for js/animations.js in /Users/sithumsitharakariyawasam/Desktop/C O D E S /web project rusl/5832webprojectrusl/event_management_uni_project/includes/templates/footer.php on line 35
[19-Apr-2025 14:17:12 UTC] PHP Warning:  filemtime(): stat failed for css/main.css in /Users/sithumsitharakariyawasam/Desktop/C O D E S /web project rusl/5832webprojectrusl/event_management_uni_project/includes/templates/header.php on line 8
[19-Apr-2025 14:17:12 UTC] PHP Warning:  filemtime(): stat failed for css/animations.css in /Users/sithumsitharakariyawasam/Desktop/C O D E S /web project rusl/5832webprojectrusl/event_management_uni_project/includes/templates/header.php on line 9
[19-Apr-2025 14:17:12 UTC] PHP Warning:  filemtime(): stat failed for js/main.js in /Users/sithumsitharakariyawasam/Desktop/C O D E S /web project rusl/5832webprojectrusl/event_management_uni_project/includes/templates/footer.php on line 33
[19-Apr-2025 14:17:12 UTC] PHP Warning:  filemtime(): stat failed for js/animations.js in /Users/sithumsitharakariyawasam/Desktop/C O D E S /web project rusl/5832webprojectrusl/event_management_uni_project/includes/templates/footer.php on line 35
[19-Apr-2025 14:17:42 UTC] PHP Warning:  filemtime(): stat failed for css/main.css in /Users/sithumsitharakariyawasam/Desktop/C O D E S /web project rusl/5832webprojectrusl/event_management_uni_project/includes/templates/header.php on line 8
[19-Apr-2025 14:17:42 UTC] PHP Warning:  filemtime(): stat failed for css/animations.css in /Users/sithumsitharakariyawasam/Desktop/C O D E S /web project rusl/5832webprojectrusl/event_management_uni_project/includes/templates/header.php on line 9
[19-Apr-2025 14:17:42 UTC] PHP Warning:  filemtime(): stat failed for js/main.js in /Users/sithumsitharakariyawasam/Desktop/C O D E S /web project rusl/5832webprojectrusl/event_management_uni_project/includes/templates/footer.php on line 33
[19-Apr-2025 14:17:42 UTC] PHP Warning:  filemtime(): stat failed for js/animations.js in /Users/sithumsitharakariyawasam/Desktop/C O D E S /web project rusl/5832webprojectrusl/event_management_uni_project/includes/templates/footer.php on line 35
[19-Apr-2025 14:17:50 UTC] PHP Warning:  filemtime(): stat failed for css/main.css in /Users/sithumsitharakariyawasam/Desktop/C O D E S /web project rusl/5832webprojectrusl/event_management_uni_project/includes/templates/header.php on line 8
[19-Apr-2025 14:17:50 UTC] PHP Warning:  filemtime(): stat failed for css/animations.css in /Users/sithumsitharakariyawasam/Desktop/C O D E S /web project rusl/5832webprojectrusl/event_management_uni_project/includes/templates/header.php on line 9
[19-Apr-2025 14:17:50 UTC] PHP Warning:  filemtime(): stat failed for js/main.js in /Users/sithumsitharakariyawasam/Desktop/C O D E S /web project rusl/5832webprojectrusl/event_management_uni_project/includes/templates/footer.php on line 33
[19-Apr-2025 14:17:50 UTC] PHP Warning:  filemtime(): stat failed for js/animations.js in /Users/sithumsitharakariyawasam/Desktop/C O D E S /web project rusl/5832webprojectrusl/event_management_uni_project/includes/templates/footer.php on line 35
[19-Apr-2025 14:27:33 UTC] PHP Warning:  filemtime(): stat failed for css/main.css in /Users/sithumsitharakariyawasam/Desktop/C O D E S /web project rusl/5832webprojectrusl/event_management_uni_project/includes/templates/header.php on line 8
[19-Apr-2025 14:27:33 UTC] PHP Warning:  filemtime(): stat failed for css/animations.css in /Users/sithumsitharakariyawasam/Desktop/C O D E S /web project rusl/5832webprojectrusl/event_management_uni_project/includes/templates/header.php on line 9
[19-Apr-2025 14:27:33 UTC] PHP Warning:  filemtime(): stat failed for js/main.js in /Users/sithumsitharakariyawasam/Desktop/C O D E S /web project rusl/5832webprojectrusl/event_management_uni_project/includes/templates/footer.php on line 33
[19-Apr-2025 14:27:33 UTC] PHP Warning:  filemtime(): stat failed for js/animations.js in /Users/sithumsitharakariyawasam/Desktop/C O D E S /web project rusl/5832webprojectrusl/event_management_uni_project/includes/templates/footer.php on line 35
[19-Apr-2025 14:31:39 UTC] PHP Warning:  filemtime(): stat failed for css/main.css in /Users/sithumsitharakariyawasam/Desktop/C O D E S /web project rusl/5832webprojectrusl/event_management_uni_project/includes/templates/header.php on line 8
[19-Apr-2025 14:31:39 UTC] PHP Warning:  filemtime(): stat failed for css/animations.css in /Users/sithumsitharakariyawasam/Desktop/C O D E S /web project rusl/5832webprojectrusl/event_management_uni_project/includes/templates/header.php on line 9
[19-Apr-2025 14:31:39 UTC] PHP Warning:  filemtime(): stat failed for js/main.js in /Users/sithumsitharakariyawasam/Desktop/C O D E S /web project rusl/5832webprojectrusl/event_management_uni_project/includes/templates/footer.php on line 33
[19-Apr-2025 14:31:39 UTC] PHP Warning:  filemtime(): stat failed for js/animations.js in /Users/sithumsitharakariyawasam/Desktop/C O D E S /web project rusl/5832webprojectrusl/event_management_uni_project/includes/templates/footer.php on line 35
[19-Apr-2025 14:33:52 UTC] PHP Warning:  filemtime(): stat failed for css/main.css in /Users/sithumsitharakariyawasam/Desktop/C O D E S /web project rusl/5832webprojectrusl/event_management_uni_project/includes/templates/header.php on line 8
[19-Apr-2025 14:33:52 UTC] PHP Warning:  filemtime(): stat failed for css/animations.css in /Users/sithumsitharakariyawasam/Desktop/C O D E S /web project rusl/5832webprojectrusl/event_management_uni_project/includes/templates/header.php on line 9
[19-Apr-2025 14:33:52 UTC] PHP Warning:  filemtime(): stat failed for js/main.js in /Users/sithumsitharakariyawasam/Desktop/C O D E S /web project rusl/5832webprojectrusl/event_management_uni_project/includes/templates/footer.php on line 33
[19-Apr-2025 14:33:52 UTC] PHP Warning:  filemtime(): stat failed for js/animations.js in /Users/sithumsitharakariyawasam/Desktop/C O D E S /web project rusl/5832webprojectrusl/event_management_uni_project/includes/templates/footer.php on line 35
[19-Apr-2025 14:33:55 UTC] PHP Warning:  filemtime(): stat failed for css/main.css in /Users/sithumsitharakariyawasam/Desktop/C O D E S /web project rusl/5832webprojectrusl/event_management_uni_project/includes/templates/header.php on line 8
[19-Apr-2025 14:33:55 UTC] PHP Warning:  filemtime(): stat failed for css/animations.css in /Users/sithumsitharakariyawasam/Desktop/C O D E S /web project rusl/5832webprojectrusl/event_management_uni_project/includes/templates/header.php on line 9
[19-Apr-2025 14:33:55 UTC] PHP Warning:  filemtime(): stat failed for js/main.js in /Users/sithumsitharakariyawasam/Desktop/C O D E S /web project rusl/5832webprojectrusl/event_management_uni_project/includes/templates/footer.php on line 33
[19-Apr-2025 14:33:55 UTC] PHP Warning:  filemtime(): stat failed for js/animations.js in /Users/sithumsitharakariyawasam/Desktop/C O D E S /web project rusl/5832webprojectrusl/event_management_uni_project/includes/templates/footer.php on line 35
[19-Apr-2025 14:34:00 UTC] PHP Warning:  filemtime(): stat failed for css/main.css in /Users/sithumsitharakariyawasam/Desktop/C O D E S /web project rusl/5832webprojectrusl/event_management_uni_project/includes/templates/header.php on line 8
[19-Apr-2025 14:34:00 UTC] PHP Warning:  filemtime(): stat failed for css/animations.css in /Users/sithumsitharakariyawasam/Desktop/C O D E S /web project rusl/5832webprojectrusl/event_management_uni_project/includes/templates/header.php on line 9
[19-Apr-2025 14:34:00 UTC] PHP Warning:  filemtime(): stat failed for js/main.js in /Users/sithumsitharakariyawasam/Desktop/C O D E S /web project rusl/5832webprojectrusl/event_management_uni_project/includes/templates/footer.php on line 33
[19-Apr-2025 14:34:00 UTC] PHP Warning:  filemtime(): stat failed for js/animations.js in /Users/sithumsitharakariyawasam/Desktop/C O D E S /web project rusl/5832webprojectrusl/event_management_uni_project/includes/templates/footer.php on line 35
[19-Apr-2025 14:34:05 UTC] PHP Warning:  filemtime(): stat failed for css/main.css in /Users/sithumsitharakariyawasam/Desktop/C O D E S /web project rusl/5832webprojectrusl/event_management_uni_project/includes/templates/header.php on line 8
[19-Apr-2025 14:34:05 UTC] PHP Warning:  filemtime(): stat failed for css/animations.css in /Users/sithumsitharakariyawasam/Desktop/C O D E S /web project rusl/5832webprojectrusl/event_management_uni_project/includes/templates/header.php on line 9
[19-Apr-2025 14:34:05 UTC] PHP Warning:  filemtime(): stat failed for js/main.js in /Users/sithumsitharakariyawasam/Desktop/C O D E S /web project rusl/5832webprojectrusl/event_management_uni_project/includes/templates/footer.php on line 33
[19-Apr-2025 14:34:05 UTC] PHP Warning:  filemtime(): stat failed for js/animations.js in /Users/sithumsitharakariyawasam/Desktop/C O D E S /web project rusl/5832webprojectrusl/event_management_uni_project/includes/templates/footer.php on line 35
[19-Apr-2025 14:34:07 UTC] PHP Warning:  filemtime(): stat failed for css/main.css in /Users/sithumsitharakariyawasam/Desktop/C O D E S /web project rusl/5832webprojectrusl/event_management_uni_project/includes/templates/header.php on line 8
[19-Apr-2025 14:34:07 UTC] PHP Warning:  filemtime(): stat failed for css/animations.css in /Users/sithumsitharakariyawasam/Desktop/C O D E S /web project rusl/5832webprojectrusl/event_management_uni_project/includes/templates/header.php on line 9
[19-Apr-2025 14:34:07 UTC] PHP Warning:  filemtime(): stat failed for js/main.js in /Users/sithumsitharakariyawasam/Desktop/C O D E S /web project rusl/5832webprojectrusl/event_management_uni_project/includes/templates/footer.php on line 33
[19-Apr-2025 14:34:07 UTC] PHP Warning:  filemtime(): stat failed for js/animations.js in /Users/sithumsitharakariyawasam/Desktop/C O D E S /web project rusl/5832webprojectrusl/event_management_uni_project/includes/templates/footer.php on line 35
[19-Apr-2025 14:34:10 UTC] PHP Warning:  filemtime(): stat failed for css/main.css in /Users/sithumsitharakariyawasam/Desktop/C O D E S /web project rusl/5832webprojectrusl/event_management_uni_project/includes/templates/header.php on line 8
[19-Apr-2025 14:34:10 UTC] PHP Warning:  filemtime(): stat failed for css/animations.css in /Users/sithumsitharakariyawasam/Desktop/C O D E S /web project rusl/5832webprojectrusl/event_management_uni_project/includes/templates/header.php on line 9
[19-Apr-2025 14:34:10 UTC] PHP Warning:  filemtime(): stat failed for js/main.js in /Users/sithumsitharakariyawasam/Desktop/C O D E S /web project rusl/5832webprojectrusl/event_management_uni_project/includes/templates/footer.php on line 33
[19-Apr-2025 14:34:10 UTC] PHP Warning:  filemtime(): stat failed for js/animations.js in /Users/sithumsitharakariyawasam/Desktop/C O D E S /web project rusl/5832webprojectrusl/event_management_uni_project/includes/templates/footer.php on line 35
[19-Apr-2025 14:36:10 UTC] PHP Warning:  filemtime(): stat failed for css/main.css in /Users/sithumsitharakariyawasam/Desktop/C O D E S /web project rusl/5832webprojectrusl/event_management_uni_project/includes/templates/header.php on line 8
[19-Apr-2025 14:36:10 UTC] PHP Warning:  filemtime(): stat failed for css/animations.css in /Users/sithumsitharakariyawasam/Desktop/C O D E S /web project rusl/5832webprojectrusl/event_management_uni_project/includes/templates/header.php on line 9
[19-Apr-2025 14:36:10 UTC] PHP Warning:  filemtime(): stat failed for js/main.js in /Users/sithumsitharakariyawasam/Desktop/C O D E S /web project rusl/5832webprojectrusl/event_management_uni_project/includes/templates/footer.php on line 33
[19-Apr-2025 14:36:10 UTC] PHP Warning:  filemtime(): stat failed for js/animations.js in /Users/sithumsitharakariyawasam/Desktop/C O D E S /web project rusl/5832webprojectrusl/event_management_uni_project/includes/templates/footer.php on line 35
[19-Apr-2025 14:36:10 UTC] PHP Warning:  filemtime(): stat failed for css/main.css in /Users/sithumsitharakariyawasam/Desktop/C O D E S /web project rusl/5832webprojectrusl/event_management_uni_project/includes/templates/header.php on line 8
[19-Apr-2025 14:36:10 UTC] PHP Warning:  filemtime(): stat failed for css/animations.css in /Users/sithumsitharakariyawasam/Desktop/C O D E S /web project rusl/5832webprojectrusl/event_management_uni_project/includes/templates/header.php on line 9
[19-Apr-2025 14:36:10 UTC] PHP Warning:  filemtime(): stat failed for js/main.js in /Users/sithumsitharakariyawasam/Desktop/C O D E S /web project rusl/5832webprojectrusl/event_management_uni_project/includes/templates/footer.php on line 33
[19-Apr-2025 14:36:10 UTC] PHP Warning:  filemtime(): stat failed for js/animations.js in /Users/sithumsitharakariyawasam/Desktop/C O D E S /web project rusl/5832webprojectrusl/event_management_uni_project/includes/templates/footer.php on line 35
[19-Apr-2025 14:36:11 UTC] PHP Warning:  filemtime(): stat failed for css/main.css in /Users/sithumsitharakariyawasam/Desktop/C O D E S /web project rusl/5832webprojectrusl/event_management_uni_project/includes/templates/header.php on line 8
[19-Apr-2025 14:36:11 UTC] PHP Warning:  filemtime(): stat failed for css/animations.css in /Users/sithumsitharakariyawasam/Desktop/C O D E S /web project rusl/5832webprojectrusl/event_management_uni_project/includes/templates/header.php on line 9
[19-Apr-2025 14:36:11 UTC] PHP Warning:  filemtime(): stat failed for js/main.js in /Users/sithumsitharakariyawasam/Desktop/C O D E S /web project rusl/5832webprojectrusl/event_management_uni_project/includes/templates/footer.php on line 33
[19-Apr-2025 14:36:11 UTC] PHP Warning:  filemtime(): stat failed for js/animations.js in /Users/sithumsitharakariyawasam/Desktop/C O D E S /web project rusl/5832webprojectrusl/event_management_uni_project/includes/templates/footer.php on line 35
[19-Apr-2025 14:36:13 UTC] PHP Warning:  filemtime(): stat failed for css/main.css in /Users/sithumsitharakariyawasam/Desktop/C O D E S /web project rusl/5832webprojectrusl/event_management_uni_project/includes/templates/header.php on line 8
[19-Apr-2025 14:36:13 UTC] PHP Warning:  filemtime(): stat failed for css/animations.css in /Users/sithumsitharakariyawasam/Desktop/C O D E S /web project rusl/5832webprojectrusl/event_management_uni_project/includes/templates/header.php on line 9
[19-Apr-2025 14:36:13 UTC] PHP Warning:  filemtime(): stat failed for js/main.js in /Users/sithumsitharakariyawasam/Desktop/C O D E S /web project rusl/5832webprojectrusl/event_management_uni_project/includes/templates/footer.php on line 33
[19-Apr-2025 14:36:13 UTC] PHP Warning:  filemtime(): stat failed for js/animations.js in /Users/sithumsitharakariyawasam/Desktop/C O D E S /web project rusl/5832webprojectrusl/event_management_uni_project/includes/templates/footer.php on line 35
[19-Apr-2025 14:36:13 UTC] PHP Warning:  filemtime(): stat failed for css/main.css in /Users/sithumsitharakariyawasam/Desktop/C O D E S /web project rusl/5832webprojectrusl/event_management_uni_project/includes/templates/header.php on line 8
[19-Apr-2025 14:36:13 UTC] PHP Warning:  filemtime(): stat failed for css/animations.css in /Users/sithumsitharakariyawasam/Desktop/C O D E S /web project rusl/5832webprojectrusl/event_management_uni_project/includes/templates/header.php on line 9
[19-Apr-2025 14:36:13 UTC] PHP Warning:  filemtime(): stat failed for js/main.js in /Users/sithumsitharakariyawasam/Desktop/C O D E S /web project rusl/5832webprojectrusl/event_management_uni_project/includes/templates/footer.php on line 33
[19-Apr-2025 14:36:13 UTC] PHP Warning:  filemtime(): stat failed for js/animations.js in /Users/sithumsitharakariyawasam/Desktop/C O D E S /web project rusl/5832webprojectrusl/event_management_uni_project/includes/templates/footer.php on line 35
[19-Apr-2025 14:36:14 UTC] PHP Warning:  filemtime(): stat failed for css/main.css in /Users/sithumsitharakariyawasam/Desktop/C O D E S /web project rusl/5832webprojectrusl/event_management_uni_project/includes/templates/header.php on line 8
[19-Apr-2025 14:36:14 UTC] PHP Warning:  filemtime(): stat failed for css/animations.css in /Users/sithumsitharakariyawasam/Desktop/C O D E S /web project rusl/5832webprojectrusl/event_management_uni_project/includes/templates/header.php on line 9
[19-Apr-2025 14:36:14 UTC] PHP Warning:  filemtime(): stat failed for js/main.js in /Users/sithumsitharakariyawasam/Desktop/C O D E S /web project rusl/5832webprojectrusl/event_management_uni_project/includes/templates/footer.php on line 33
[19-Apr-2025 14:36:14 UTC] PHP Warning:  filemtime(): stat failed for js/animations.js in /Users/sithumsitharakariyawasam/Desktop/C O D E S /web project rusl/5832webprojectrusl/event_management_uni_project/includes/templates/footer.php on line 35
[19-Apr-2025 14:37:57 UTC] PHP Warning:  filemtime(): stat failed for css/main.css in /Users/sithumsitharakariyawasam/Desktop/C O D E S /web project rusl/5832webprojectrusl/event_management_uni_project/includes/templates/header.php on line 8
[19-Apr-2025 14:37:57 UTC] PHP Warning:  filemtime(): stat failed for css/animations.css in /Users/sithumsitharakariyawasam/Desktop/C O D E S /web project rusl/5832webprojectrusl/event_management_uni_project/includes/templates/header.php on line 9
[19-Apr-2025 14:37:57 UTC] PHP Warning:  filemtime(): stat failed for js/main.js in /Users/sithumsitharakariyawasam/Desktop/C O D E S /web project rusl/5832webprojectrusl/event_management_uni_project/includes/templates/footer.php on line 33
[19-Apr-2025 14:37:57 UTC] PHP Warning:  filemtime(): stat failed for js/animations.js in /Users/sithumsitharakariyawasam/Desktop/C O D E S /web project rusl/5832webprojectrusl/event_management_uni_project/includes/templates/footer.php on line 35
[19-Apr-2025 14:39:42 UTC] PHP Warning:  filemtime(): stat failed for css/main.css in /Users/sithumsitharakariyawasam/Desktop/C O D E S /web project rusl/5832webprojectrusl/event_management_uni_project/includes/templates/header.php on line 8
[19-Apr-2025 14:39:42 UTC] PHP Warning:  filemtime(): stat failed for css/animations.css in /Users/sithumsitharakariyawasam/Desktop/C O D E S /web project rusl/5832webprojectrusl/event_management_uni_project/includes/templates/header.php on line 9
[19-Apr-2025 14:39:42 UTC] PHP Warning:  filemtime(): stat failed for js/main.js in /Users/sithumsitharakariyawasam/Desktop/C O D E S /web project rusl/5832webprojectrusl/event_management_uni_project/includes/templates/footer.php on line 33
[19-Apr-2025 14:39:42 UTC] PHP Warning:  filemtime(): stat failed for js/animations.js in /Users/sithumsitharakariyawasam/Desktop/C O D E S /web project rusl/5832webprojectrusl/event_management_uni_project/includes/templates/footer.php on line 35
[19-Apr-2025 14:40:24 UTC] PHP Warning:  filemtime(): stat failed for css/main.css in /Users/sithumsitharakariyawasam/Desktop/C O D E S /web project rusl/5832webprojectrusl/event_management_uni_project/includes/templates/header.php on line 8
[19-Apr-2025 14:40:24 UTC] PHP Warning:  filemtime(): stat failed for css/animations.css in /Users/sithumsitharakariyawasam/Desktop/C O D E S /web project rusl/5832webprojectrusl/event_management_uni_project/includes/templates/header.php on line 9
[19-Apr-2025 14:40:24 UTC] PHP Warning:  filemtime(): stat failed for js/main.js in /Users/sithumsitharakariyawasam/Desktop/C O D E S /web project rusl/5832webprojectrusl/event_management_uni_project/includes/templates/footer.php on line 33
[19-Apr-2025 14:40:24 UTC] PHP Warning:  filemtime(): stat failed for js/animations.js in /Users/sithumsitharakariyawasam/Desktop/C O D E S /web project rusl/5832webprojectrusl/event_management_uni_project/includes/templates/footer.php on line 35
[19-Apr-2025 14:55:28 UTC] PHP Warning:  filemtime(): stat failed for css/main.css in /Users/sithumsitharakariyawasam/Desktop/C O D E S /web project rusl/5832webprojectrusl/event_management_uni_project/includes/templates/header.php on line 8
[19-Apr-2025 14:55:28 UTC] PHP Warning:  filemtime(): stat failed for css/animations.css in /Users/sithumsitharakariyawasam/Desktop/C O D E S /web project rusl/5832webprojectrusl/event_management_uni_project/includes/templates/header.php on line 9
[19-Apr-2025 14:55:28 UTC] PHP Warning:  filemtime(): stat failed for js/main.js in /Users/sithumsitharakariyawasam/Desktop/C O D E S /web project rusl/5832webprojectrusl/event_management_uni_project/includes/templates/footer.php on line 33
[19-Apr-2025 14:55:28 UTC] PHP Warning:  filemtime(): stat failed for js/animations.js in /Users/sithumsitharakariyawasam/Desktop/C O D E S /web project rusl/5832webprojectrusl/event_management_uni_project/includes/templates/footer.php on line 35
[19-Apr-2025 16:18:14 UTC] PHP Warning:  filemtime(): stat failed for css/main.css in /Users/sithumsitharakariyawasam/Desktop/C O D E S /web project rusl/5832webprojectrusl/event_management_uni_project/includes/templates/header.php on line 8
[19-Apr-2025 16:18:14 UTC] PHP Warning:  filemtime(): stat failed for css/animations.css in /Users/sithumsitharakariyawasam/Desktop/C O D E S /web project rusl/5832webprojectrusl/event_management_uni_project/includes/templates/header.php on line 9
[19-Apr-2025 16:18:14 UTC] PHP Warning:  filemtime(): stat failed for js/main.js in /Users/sithumsitharakariyawasam/Desktop/C O D E S /web project rusl/5832webprojectrusl/event_management_uni_project/includes/templates/footer.php on line 33
[19-Apr-2025 16:18:14 UTC] PHP Warning:  filemtime(): stat failed for js/animations.js in /Users/sithumsitharakariyawasam/Desktop/C O D E S /web project rusl/5832webprojectrusl/event_management_uni_project/includes/templates/footer.php on line 35
[19-Apr-2025 16:28:03 UTC] PHP Warning:  filemtime(): stat failed for css/main.css in /Users/sithumsitharakariyawasam/Desktop/C O D E S /web project rusl/5832webprojectrusl/event_management_uni_project/includes/templates/header.php on line 8
[19-Apr-2025 16:28:03 UTC] PHP Warning:  filemtime(): stat failed for css/animations.css in /Users/sithumsitharakariyawasam/Desktop/C O D E S /web project rusl/5832webprojectrusl/event_management_uni_project/includes/templates/header.php on line 9
[19-Apr-2025 16:28:03 UTC] PHP Warning:  filemtime(): stat failed for js/main.js in /Users/sithumsitharakariyawasam/Desktop/C O D E S /web project rusl/5832webprojectrusl/event_management_uni_project/includes/templates/footer.php on line 33
[19-Apr-2025 16:28:03 UTC] PHP Warning:  filemtime(): stat failed for js/animations.js in /Users/sithumsitharakariyawasam/Desktop/C O D E S /web project rusl/5832webprojectrusl/event_management_uni_project/includes/templates/footer.php on line 35
[19-Apr-2025 16:28:32 UTC] PHP Warning:  filemtime(): stat failed for css/main.css in /Users/sithumsitharakariyawasam/Desktop/C O D E S /web project rusl/5832webprojectrusl/event_management_uni_project/includes/templates/header.php on line 8
[19-Apr-2025 16:28:32 UTC] PHP Warning:  filemtime(): stat failed for css/animations.css in /Users/sithumsitharakariyawasam/Desktop/C O D E S /web project rusl/5832webprojectrusl/event_management_uni_project/includes/templates/header.php on line 9
[19-Apr-2025 16:28:32 UTC] PHP Warning:  filemtime(): stat failed for js/main.js in /Users/sithumsitharakariyawasam/Desktop/C O D E S /web project rusl/5832webprojectrusl/event_management_uni_project/includes/templates/footer.php on line 33
[19-Apr-2025 16:28:32 UTC] PHP Warning:  filemtime(): stat failed for js/animations.js in /Users/sithumsitharakariyawasam/Desktop/C O D E S /web project rusl/5832webprojectrusl/event_management_uni_project/includes/templates/footer.php on line 35
[19-Apr-2025 16:28:36 UTC] PHP Warning:  filemtime(): stat failed for css/main.css in /Users/sithumsitharakariyawasam/Desktop/C O D E S /web project rusl/5832webprojectrusl/event_management_uni_project/includes/templates/header.php on line 8
[19-Apr-2025 16:28:36 UTC] PHP Warning:  filemtime(): stat failed for css/animations.css in /Users/sithumsitharakariyawasam/Desktop/C O D E S /web project rusl/5832webprojectrusl/event_management_uni_project/includes/templates/header.php on line 9
[19-Apr-2025 16:28:36 UTC] PHP Warning:  filemtime(): stat failed for js/main.js in /Users/sithumsitharakariyawasam/Desktop/C O D E S /web project rusl/5832webprojectrusl/event_management_uni_project/includes/templates/footer.php on line 33
[19-Apr-2025 16:28:36 UTC] PHP Warning:  filemtime(): stat failed for js/animations.js in /Users/sithumsitharakariyawasam/Desktop/C O D E S /web project rusl/5832webprojectrusl/event_management_uni_project/includes/templates/footer.php on line 35
[19-Apr-2025 16:35:37 UTC] PHP Warning:  filemtime(): stat failed for css/main.css in /Users/sithumsitharakariyawasam/Desktop/C O D E S /web project rusl/5832webprojectrusl/event_management_uni_project/includes/templates/header.php on line 8
[19-Apr-2025 16:35:37 UTC] PHP Warning:  filemtime(): stat failed for css/animations.css in /Users/sithumsitharakariyawasam/Desktop/C O D E S /web project rusl/5832webprojectrusl/event_management_uni_project/includes/templates/header.php on line 9
[19-Apr-2025 16:35:37 UTC] PHP Warning:  filemtime(): stat failed for js/main.js in /Users/sithumsitharakariyawasam/Desktop/C O D E S /web project rusl/5832webprojectrusl/event_management_uni_project/includes/templates/footer.php on line 33
[19-Apr-2025 16:35:37 UTC] PHP Warning:  filemtime(): stat failed for js/animations.js in /Users/sithumsitharakariyawasam/Desktop/C O D E S /web project rusl/5832webprojectrusl/event_management_uni_project/includes/templates/footer.php on line 35
[19-Apr-2025 16:35:59 UTC] PHP Warning:  filemtime(): stat failed for css/main.css in /Users/sithumsitharakariyawasam/Desktop/C O D E S /web project rusl/5832webprojectrusl/event_management_uni_project/includes/templates/header.php on line 8
[19-Apr-2025 16:35:59 UTC] PHP Warning:  filemtime(): stat failed for css/animations.css in /Users/sithumsitharakariyawasam/Desktop/C O D E S /web project rusl/5832webprojectrusl/event_management_uni_project/includes/templates/header.php on line 9
[19-Apr-2025 16:35:59 UTC] PHP Warning:  filemtime(): stat failed for js/main.js in /Users/sithumsitharakariyawasam/Desktop/C O D E S /web project rusl/5832webprojectrusl/event_management_uni_project/includes/templates/footer.php on line 33
[19-Apr-2025 16:35:59 UTC] PHP Warning:  filemtime(): stat failed for js/animations.js in /Users/sithumsitharakariyawasam/Desktop/C O D E S /web project rusl/5832webprojectrusl/event_management_uni_project/includes/templates/footer.php on line 35
[19-Apr-2025 16:36:00 UTC] PHP Warning:  filemtime(): stat failed for css/main.css in /Users/sithumsitharakariyawasam/Desktop/C O D E S /web project rusl/5832webprojectrusl/event_management_uni_project/includes/templates/header.php on line 8
[19-Apr-2025 16:36:00 UTC] PHP Warning:  filemtime(): stat failed for css/animations.css in /Users/sithumsitharakariyawasam/Desktop/C O D E S /web project rusl/5832webprojectrusl/event_management_uni_project/includes/templates/header.php on line 9
[19-Apr-2025 16:36:00 UTC] PHP Warning:  filemtime(): stat failed for js/main.js in /Users/sithumsitharakariyawasam/Desktop/C O D E S /web project rusl/5832webprojectrusl/event_management_uni_project/includes/templates/footer.php on line 33
[19-Apr-2025 16:36:00 UTC] PHP Warning:  filemtime(): stat failed for js/animations.js in /Users/sithumsitharakariyawasam/Desktop/C O D E S /web project rusl/5832webprojectrusl/event_management_uni_project/includes/templates/footer.php on line 35
[19-Apr-2025 16:36:03 UTC] PHP Warning:  filemtime(): stat failed for css/main.css in /Users/sithumsitharakariyawasam/Desktop/C O D E S /web project rusl/5832webprojectrusl/event_management_uni_project/includes/templates/header.php on line 8
[19-Apr-2025 16:36:03 UTC] PHP Warning:  filemtime(): stat failed for css/animations.css in /Users/sithumsitharakariyawasam/Desktop/C O D E S /web project rusl/5832webprojectrusl/event_management_uni_project/includes/templates/header.php on line 9
[19-Apr-2025 16:36:03 UTC] PHP Warning:  filemtime(): stat failed for js/main.js in /Users/sithumsitharakariyawasam/Desktop/C O D E S /web project rusl/5832webprojectrusl/event_management_uni_project/includes/templates/footer.php on line 33
[19-Apr-2025 16:36:03 UTC] PHP Warning:  filemtime(): stat failed for js/animations.js in /Users/sithumsitharakariyawasam/Desktop/C O D E S /web project rusl/5832webprojectrusl/event_management_uni_project/includes/templates/footer.php on line 35
[19-Apr-2025 16:36:07 UTC] PHP Warning:  filemtime(): stat failed for css/main.css in /Users/sithumsitharakariyawasam/Desktop/C O D E S /web project rusl/5832webprojectrusl/event_management_uni_project/includes/templates/header.php on line 8
[19-Apr-2025 16:36:07 UTC] PHP Warning:  filemtime(): stat failed for css/animations.css in /Users/sithumsitharakariyawasam/Desktop/C O D E S /web project rusl/5832webprojectrusl/event_management_uni_project/includes/templates/header.php on line 9
[19-Apr-2025 16:36:07 UTC] PHP Warning:  filemtime(): stat failed for js/main.js in /Users/sithumsitharakariyawasam/Desktop/C O D E S /web project rusl/5832webprojectrusl/event_management_uni_project/includes/templates/footer.php on line 33
[19-Apr-2025 16:36:07 UTC] PHP Warning:  filemtime(): stat failed for js/animations.js in /Users/sithumsitharakariyawasam/Desktop/C O D E S /web project rusl/5832webprojectrusl/event_management_uni_project/includes/templates/footer.php on line 35
[19-Apr-2025 16:40:15 UTC] PHP Warning:  filemtime(): stat failed for css/main.css in /Users/sithumsitharakariyawasam/Desktop/C O D E S /web project rusl/5832webprojectrusl/event_management_uni_project/includes/templates/header.php on line 8
[19-Apr-2025 16:40:15 UTC] PHP Warning:  filemtime(): stat failed for css/animations.css in /Users/sithumsitharakariyawasam/Desktop/C O D E S /web project rusl/5832webprojectrusl/event_management_uni_project/includes/templates/header.php on line 9
[19-Apr-2025 16:40:15 UTC] PHP Warning:  filemtime(): stat failed for js/main.js in /Users/sithumsitharakariyawasam/Desktop/C O D E S /web project rusl/5832webprojectrusl/event_management_uni_project/includes/templates/footer.php on line 33
[19-Apr-2025 16:40:15 UTC] PHP Warning:  filemtime(): stat failed for js/animations.js in /Users/sithumsitharakariyawasam/Desktop/C O D E S /web project rusl/5832webprojectrusl/event_management_uni_project/includes/templates/footer.php on line 35
[19-Apr-2025 16:40:18 UTC] PHP Warning:  filemtime(): stat failed for css/main.css in /Users/sithumsitharakariyawasam/Desktop/C O D E S /web project rusl/5832webprojectrusl/event_management_uni_project/includes/templates/header.php on line 8
[19-Apr-2025 16:40:18 UTC] PHP Warning:  filemtime(): stat failed for css/animations.css in /Users/sithumsitharakariyawasam/Desktop/C O D E S /web project rusl/5832webprojectrusl/event_management_uni_project/includes/templates/header.php on line 9
[19-Apr-2025 16:40:18 UTC] PHP Warning:  filemtime(): stat failed for js/main.js in /Users/sithumsitharakariyawasam/Desktop/C O D E S /web project rusl/5832webprojectrusl/event_management_uni_project/includes/templates/footer.php on line 33
[19-Apr-2025 16:40:18 UTC] PHP Warning:  filemtime(): stat failed for js/animations.js in /Users/sithumsitharakariyawasam/Desktop/C O D E S /web project rusl/5832webprojectrusl/event_management_uni_project/includes/templates/footer.php on line 35
[19-Apr-2025 16:40:23 UTC] PHP Warning:  filemtime(): stat failed for css/main.css in /Users/sithumsitharakariyawasam/Desktop/C O D E S /web project rusl/5832webprojectrusl/event_management_uni_project/includes/templates/header.php on line 8
[19-Apr-2025 16:40:23 UTC] PHP Warning:  filemtime(): stat failed for css/animations.css in /Users/sithumsitharakariyawasam/Desktop/C O D E S /web project rusl/5832webprojectrusl/event_management_uni_project/includes/templates/header.php on line 9
[19-Apr-2025 16:40:23 UTC] PHP Warning:  filemtime(): stat failed for js/main.js in /Users/sithumsitharakariyawasam/Desktop/C O D E S /web project rusl/5832webprojectrusl/event_management_uni_project/includes/templates/footer.php on line 33
[19-Apr-2025 16:40:23 UTC] PHP Warning:  filemtime(): stat failed for js/animations.js in /Users/sithumsitharakariyawasam/Desktop/C O D E S /web project rusl/5832webprojectrusl/event_management_uni_project/includes/templates/footer.php on line 35
[19-Apr-2025 16:40:28 UTC] PHP Warning:  filemtime(): stat failed for css/main.css in /Users/sithumsitharakariyawasam/Desktop/C O D E S /web project rusl/5832webprojectrusl/event_management_uni_project/includes/templates/header.php on line 8
[19-Apr-2025 16:40:28 UTC] PHP Warning:  filemtime(): stat failed for css/animations.css in /Users/sithumsitharakariyawasam/Desktop/C O D E S /web project rusl/5832webprojectrusl/event_management_uni_project/includes/templates/header.php on line 9
[19-Apr-2025 16:40:28 UTC] PHP Warning:  filemtime(): stat failed for js/main.js in /Users/sithumsitharakariyawasam/Desktop/C O D E S /web project rusl/5832webprojectrusl/event_management_uni_project/includes/templates/footer.php on line 33
[19-Apr-2025 16:40:28 UTC] PHP Warning:  filemtime(): stat failed for js/animations.js in /Users/sithumsitharakariyawasam/Desktop/C O D E S /web project rusl/5832webprojectrusl/event_management_uni_project/includes/templates/footer.php on line 35
[19-Apr-2025 16:40:59 UTC] PHP Warning:  filemtime(): stat failed for css/main.css in /Users/sithumsitharakariyawasam/Desktop/C O D E S /web project rusl/5832webprojectrusl/event_management_uni_project/includes/templates/header.php on line 8
[19-Apr-2025 16:40:59 UTC] PHP Warning:  filemtime(): stat failed for css/animations.css in /Users/sithumsitharakariyawasam/Desktop/C O D E S /web project rusl/5832webprojectrusl/event_management_uni_project/includes/templates/header.php on line 9
[19-Apr-2025 16:40:59 UTC] PHP Warning:  filemtime(): stat failed for js/main.js in /Users/sithumsitharakariyawasam/Desktop/C O D E S /web project rusl/5832webprojectrusl/event_management_uni_project/includes/templates/footer.php on line 33
[19-Apr-2025 16:40:59 UTC] PHP Warning:  filemtime(): stat failed for js/animations.js in /Users/sithumsitharakariyawasam/Desktop/C O D E S /web project rusl/5832webprojectrusl/event_management_uni_project/includes/templates/footer.php on line 35
[19-Apr-2025 16:41:46 UTC] PHP Warning:  filemtime(): stat failed for css/main.css in /Users/sithumsitharakariyawasam/Desktop/C O D E S /web project rusl/5832webprojectrusl/event_management_uni_project/includes/templates/header.php on line 8
[19-Apr-2025 16:41:46 UTC] PHP Warning:  filemtime(): stat failed for css/animations.css in /Users/sithumsitharakariyawasam/Desktop/C O D E S /web project rusl/5832webprojectrusl/event_management_uni_project/includes/templates/header.php on line 9
[19-Apr-2025 16:41:46 UTC] PHP Warning:  filemtime(): stat failed for js/main.js in /Users/sithumsitharakariyawasam/Desktop/C O D E S /web project rusl/5832webprojectrusl/event_management_uni_project/includes/templates/footer.php on line 33
[19-Apr-2025 16:41:46 UTC] PHP Warning:  filemtime(): stat failed for js/animations.js in /Users/sithumsitharakariyawasam/Desktop/C O D E S /web project rusl/5832webprojectrusl/event_management_uni_project/includes/templates/footer.php on line 35
[19-Apr-2025 16:43:54 UTC] PHP Warning:  filemtime(): stat failed for css/main.css in /Users/sithumsitharakariyawasam/Desktop/C O D E S /web project rusl/5832webprojectrusl/event_management_uni_project/includes/templates/header.php on line 8
[19-Apr-2025 16:43:54 UTC] PHP Warning:  filemtime(): stat failed for css/animations.css in /Users/sithumsitharakariyawasam/Desktop/C O D E S /web project rusl/5832webprojectrusl/event_management_uni_project/includes/templates/header.php on line 9
[19-Apr-2025 16:43:54 UTC] PHP Warning:  filemtime(): stat failed for js/main.js in /Users/sithumsitharakariyawasam/Desktop/C O D E S /web project rusl/5832webprojectrusl/event_management_uni_project/includes/templates/footer.php on line 33
[19-Apr-2025 16:43:54 UTC] PHP Warning:  filemtime(): stat failed for js/animations.js in /Users/sithumsitharakariyawasam/Desktop/C O D E S /web project rusl/5832webprojectrusl/event_management_uni_project/includes/templates/footer.php on line 35
[19-Apr-2025 16:44:48 UTC] PHP Warning:  filemtime(): stat failed for css/main.css in /Users/sithumsitharakariyawasam/Desktop/C O D E S /web project rusl/5832webprojectrusl/event_management_uni_project/includes/templates/header.php on line 8
[19-Apr-2025 16:44:48 UTC] PHP Warning:  filemtime(): stat failed for css/animations.css in /Users/sithumsitharakariyawasam/Desktop/C O D E S /web project rusl/5832webprojectrusl/event_management_uni_project/includes/templates/header.php on line 9
[19-Apr-2025 16:44:48 UTC] PHP Warning:  filemtime(): stat failed for js/main.js in /Users/sithumsitharakariyawasam/Desktop/C O D E S /web project rusl/5832webprojectrusl/event_management_uni_project/includes/templates/footer.php on line 33
[19-Apr-2025 16:44:48 UTC] PHP Warning:  filemtime(): stat failed for js/animations.js in /Users/sithumsitharakariyawasam/Desktop/C O D E S /web project rusl/5832webprojectrusl/event_management_uni_project/includes/templates/footer.php on line 35
[19-Apr-2025 16:45:42 UTC] PHP Warning:  filemtime(): stat failed for css/main.css in /Users/sithumsitharakariyawasam/Desktop/C O D E S /web project rusl/5832webprojectrusl/event_management_uni_project/includes/templates/header.php on line 8
[19-Apr-2025 16:45:42 UTC] PHP Warning:  filemtime(): stat failed for css/animations.css in /Users/sithumsitharakariyawasam/Desktop/C O D E S /web project rusl/5832webprojectrusl/event_management_uni_project/includes/templates/header.php on line 9
[19-Apr-2025 16:45:50 UTC] PHP Warning:  filemtime(): stat failed for css/main.css in /Users/sithumsitharakariyawasam/Desktop/C O D E S /web project rusl/5832webprojectrusl/event_management_uni_project/includes/templates/header.php on line 8
[19-Apr-2025 16:45:50 UTC] PHP Warning:  filemtime(): stat failed for css/animations.css in /Users/sithumsitharakariyawasam/Desktop/C O D E S /web project rusl/5832webprojectrusl/event_management_uni_project/includes/templates/header.php on line 9
[19-Apr-2025 16:45:50 UTC] PHP Warning:  filemtime(): stat failed for js/main.js in /Users/sithumsitharakariyawasam/Desktop/C O D E S /web project rusl/5832webprojectrusl/event_management_uni_project/includes/templates/footer.php on line 33
[19-Apr-2025 16:45:50 UTC] PHP Warning:  filemtime(): stat failed for js/animations.js in /Users/sithumsitharakariyawasam/Desktop/C O D E S /web project rusl/5832webprojectrusl/event_management_uni_project/includes/templates/footer.php on line 35
[19-Apr-2025 16:46:49 UTC] PHP Warning:  filemtime(): stat failed for css/main.css in /Users/sithumsitharakariyawasam/Desktop/C O D E S /web project rusl/5832webprojectrusl/event_management_uni_project/includes/templates/header.php on line 8
[19-Apr-2025 16:46:49 UTC] PHP Warning:  filemtime(): stat failed for css/animations.css in /Users/sithumsitharakariyawasam/Desktop/C O D E S /web project rusl/5832webprojectrusl/event_management_uni_project/includes/templates/header.php on line 9
[19-Apr-2025 16:46:49 UTC] PHP Warning:  filemtime(): stat failed for js/main.js in /Users/sithumsitharakariyawasam/Desktop/C O D E S /web project rusl/5832webprojectrusl/event_management_uni_project/includes/templates/footer.php on line 33
[19-Apr-2025 16:46:49 UTC] PHP Warning:  filemtime(): stat failed for js/animations.js in /Users/sithumsitharakariyawasam/Desktop/C O D E S /web project rusl/5832webprojectrusl/event_management_uni_project/includes/templates/footer.php on line 35
[19-Apr-2025 16:47:57 UTC] PHP Warning:  filemtime(): stat failed for css/main.css in /Users/sithumsitharakariyawasam/Desktop/C O D E S /web project rusl/5832webprojectrusl/event_management_uni_project/includes/templates/header.php on line 8
[19-Apr-2025 16:47:57 UTC] PHP Warning:  filemtime(): stat failed for css/animations.css in /Users/sithumsitharakariyawasam/Desktop/C O D E S /web project rusl/5832webprojectrusl/event_management_uni_project/includes/templates/header.php on line 9
[19-Apr-2025 16:47:57 UTC] PHP Warning:  filemtime(): stat failed for js/main.js in /Users/sithumsitharakariyawasam/Desktop/C O D E S /web project rusl/5832webprojectrusl/event_management_uni_project/includes/templates/footer.php on line 33
[19-Apr-2025 16:47:57 UTC] PHP Warning:  filemtime(): stat failed for js/animations.js in /Users/sithumsitharakariyawasam/Desktop/C O D E S /web project rusl/5832webprojectrusl/event_management_uni_project/includes/templates/footer.php on line 35
